error: Failed to execute command: executePythonFile is not defined {"timestamp":"2024-12-28T10:10:34.422Z"}
error: Failed to execute command: executePythonFile is not defined {"timestamp":"2024-12-28T10:13:05.121Z"}
error: Failed to execute command: executePythonFile is not defined {"timestamp":"2024-12-28T10:13:10.322Z"}
error: Failed to execute command: executePythonFile is not a function {"timestamp":"2024-12-28T10:13:32.429Z"}
error: Token verification failed: jwt expired {"timestamp":"2024-12-30T08:37:47.859Z"}
info: Log created successfully for user: testagain@gmail.com with appID: test {"timestamp":"2024-12-30T08:37:55.515Z"}
info: Log created successfully for user: testagain@gmail.com with appID: test {"timestamp":"2025-01-14T00:40:16.329Z"}
info: Log created successfully for user: tester with appID: test {"timestamp":"2025-02-04T08:58:40.210Z"}
info: Log created successfully for user: tester with appID: test {"timestamp":"2025-02-04T09:00:50.074Z"}
error: No token provided in the request. {"timestamp":"2025-02-11T01:24:53.760Z"}
error: No token provided in the request. {"timestamp":"2025-02-11T01:32:45.844Z"}
error: No token provided in the request. {"timestamp":"2025-02-11T11:05:50.368Z"}
error: No token provided in the request. {"timestamp":"2025-02-11T11:07:45.019Z"}
error: No token provided in the request. {"timestamp":"2025-02-11T11:08:03.969Z"}
error: No token provided in the request. {"timestamp":"2025-02-11T11:11:43.819Z"}
error: No token provided in the request. {"timestamp":"2025-02-11T11:11:56.686Z"}
error: No token provided in the request. {"timestamp":"2025-02-13T01:30:35.566Z"}
error: No token provided in the request. {"timestamp":"2025-02-13T23:22:49.284Z"}
error: No token provided in the request. {"timestamp":"2025-02-13T23:24:00.440Z"}
error: No token provided in the request. {"timestamp":"2025-02-13T23:24:16.879Z"}
error: No token provided in the request. {"timestamp":"2025-02-13T23:24:20.783Z"}
error: No token provided in the request. {"timestamp":"2025-02-13T23:24:47.988Z"}
error: No token provided in the request. {"timestamp":"2025-02-13T23:26:39.379Z"}
error: No token provided in the request. {"timestamp":"2025-02-13T23:46:13.203Z"}
error: No token provided in the request. {"timestamp":"2025-02-13T23:46:20.163Z"}
error: No token provided in the request. {"timestamp":"2025-02-14T00:43:06.885Z"}
error: No token provided in the request. {"timestamp":"2025-02-14T00:44:58.359Z"}
error: No token provided in the request. {"timestamp":"2025-02-14T00:45:48.069Z"}
error: No token provided in the request. {"timestamp":"2025-02-14T00:46:29.315Z"}
error: No token provided in the request. {"timestamp":"2025-02-14T00:49:44.419Z"}
error: No token provided in the request. {"timestamp":"2025-02-14T00:50:18.339Z"}
error: No token provided in the request. {"timestamp":"2025-02-14T00:51:50.618Z"}
